c:\users\hasansemıh\documents\vısual studıo 2013\projects\glu\glu\debug\vc120.pdb
c:\users\hasansemıh\documents\vısual studıo 2013\projects\glu\glu\debug\vc120.ıdb
c:\users\hasansemıh\documents\vısual studıo 2013\projects\glu\glu\debug\player.obj
c:\users\hasansemıh\documents\vısual studıo 2013\projects\glu\glu\debug\maın.obj
c:\users\hasansemıh\documents\vısual studıo 2013\projects\glu\glu\debug\gametree.obj
c:\users\hasansemıh\documents\vısual studıo 2013\projects\glu\glu\debug\chıldrennode.obj
c:\users\hasansemih\documents\visual studio 2013\projects\glu\glu\debug\childrennode.obj
c:\users\hasansemih\documents\visual studio 2013\projects\glu\glu\debug\gametree.obj
c:\users\hasansemih\documents\visual studio 2013\projects\glu\glu\debug\main.obj
c:\users\hasansemih\documents\visual studio 2013\projects\glu\glu\debug\player.obj
c:\users\hasansemih\documents\visual studio 2013\projects\glu\glu\debug\vc120.idb
c:\users\hasansemih\documents\visual studio 2013\projects\glu\glu\debug\vc120.pdb
c:\users\hasansemih\documents\visual studio 2013\projects\glu\debug\glu.pdb
c:\users\hasansemih\documents\visual studio 2013\projects\glu\glu\debug\glu.tlog\cl.command.1.tlog
c:\users\hasansemih\documents\visual studio 2013\projects\glu\glu\debug\glu.tlog\cl.read.1.tlog
c:\users\hasansemih\documents\visual studio 2013\projects\glu\glu\debug\glu.tlog\cl.write.1.tlog
c:\users\hasansemih\documents\visual studio 2013\projects\glu\glu\debug\glu.tlog\link.1240-cvtres.read.1.tlog
c:\users\hasansemih\documents\visual studio 2013\projects\glu\glu\debug\glu.tlog\link.1240-cvtres.write.1.tlog
c:\users\hasansemih\documents\visual studio 2013\projects\glu\glu\debug\glu.tlog\link.1240-rc.read.1.tlog
c:\users\hasansemih\documents\visual studio 2013\projects\glu\glu\debug\glu.tlog\link.1240-rc.write.1.tlog
c:\users\hasansemih\documents\visual studio 2013\projects\glu\glu\debug\glu.tlog\link.1240.read.1.tlog
c:\users\hasansemih\documents\visual studio 2013\projects\glu\glu\debug\glu.tlog\link.1240.write.1.tlog
c:\users\hasansemih\documents\visual studio 2013\projects\glu\glu\debug\glu.tlog\link.command.1.tlog
c:\users\hasansemih\documents\visual studio 2013\projects\glu\glu\debug\glu.tlog\link.read.1.tlog
c:\users\hasansemih\documents\visual studio 2013\projects\glu\glu\debug\glu.tlog\link.write.1.tlog
